app/build/intermediates/manifest_merge_blame_file/debug/manifest-merger-blame-debug-report.txt
1<?xml version="1.0" encoding="utf-8"?>
2<manifest xmlns:android="http://schemas.android.com/apk/res/android"
3    package="com.odukabdulbasit.gogleacountsigninfireaseauth"
4    android:versionCode="1"
5    android:versionName="1.0" >
6
7    <uses-sdk
8        android:minSdkVersion="16"
8-->src\main\AndroidManifest.xml
9        android:targetSdkVersion="29" />
9-->src\main\AndroidManifest.xml
10
11    <uses-permission android:name="android.permission.INTERNET" />
11-->src\main\AndroidManifest.xml:5:5-66
11-->src\main\AndroidManifest.xml:5:22-64
12
13    <application
13-->src\main\AndroidManifest.xml:7:5-21:19
14        android:allowBackup="true"
14-->src\main\AndroidManifest.xml:8:9-35
15        android:appComponentFactory="androidx.core.app.CoreComponentFactory"
15-->[androidx.core:core:1.3.1] AndroidManifest.xml:24:18-86
16        android:debuggable="true"
17        android:icon="@mipmap/ic_launcher"
17-->src\main\AndroidManifest.xml:9:9-43
18        android:label="@string/app_name"
18-->src\main\AndroidManifest.xml:10:9-41
19        android:roundIcon="@mipmap/ic_launcher_round"
19-->src\main\AndroidManifest.xml:11:9-54
20        android:supportsRtl="true"
20-->src\main\AndroidManifest.xml:12:9-35
21        android:testOnly="true"
22        android:theme="@style/AppTheme" >
22-->src\main\AndroidManifest.xml:13:9-40
23        <activity android:name="com.odukabdulbasit.gogleacountsigninfireaseauth.MainActivity" >
23-->src\main\AndroidManifest.xml:14:9-20:20
23-->src\main\AndroidManifest.xml:14:19-47
24            <intent-filter>
24-->src\main\AndroidManifest.xml:15:13-19:29
25                <action android:name="android.intent.action.MAIN" />
25-->src\main\AndroidManifest.xml:16:17-69
25-->src\main\AndroidManifest.xml:16:25-66
26
27                <category android:name="android.intent.category.LAUNCHER" />
27-->src\main\AndroidManifest.xml:18:17-77
27-->src\main\AndroidManifest.xml:18:27-74
28            </intent-filter>
29        </activity>
30        <activity
30-->[com.google.firebase:firebase-auth:19.3.2] AndroidManifest.xml:24:9-31:50
31            android:name="com.google.firebase.auth.internal.FederatedSignInActivity"
31-->[com.google.firebase:firebase-auth:19.3.2] AndroidManifest.xml:25:13-85
32            android:excludeFromRecents="true"
32-->[com.google.firebase:firebase-auth:19.3.2] AndroidManifest.xml:26:13-46
33            android:exported="true"
33-->[com.google.firebase:firebase-auth:19.3.2] AndroidManifest.xml:27:13-36
34            android:launchMode="singleTask"
34-->[com.google.firebase:firebase-auth:19.3.2] AndroidManifest.xml:28:13-44
35            android:permission="com.google.firebase.auth.api.gms.permission.LAUNCH_FEDERATED_SIGN_IN"
35-->[com.google.firebase:firebase-auth:19.3.2] AndroidManifest.xml:29:13-102
36            android:theme="@android:style/Theme.Translucent.NoTitleBar" />
36-->[com.google.firebase:firebase-auth:19.3.2] AndroidManifest.xml:30:13-72
37
38        <service
38-->[com.google.firebase:firebase-auth:19.3.2] AndroidManifest.xml:33:9-39:19
39            android:name="com.google.firebase.components.ComponentDiscoveryService"
39-->[com.google.firebase:firebase-auth:19.3.2] AndroidManifest.xml:34:13-84
40            android:directBootAware="true"
40-->[com.google.firebase:firebase-common:19.3.0] AndroidManifest.xml:34:13-43
41            android:exported="false" >
41-->[com.google.firebase:firebase-auth:19.3.2] AndroidManifest.xml:35:13-37
42            <meta-data
42-->[com.google.firebase:firebase-auth:19.3.2] AndroidManifest.xml:36:13-38:85
43                android:name="com.google.firebase.components:com.google.firebase.auth.FirebaseAuthRegistrar"
43-->[com.google.firebase:firebase-auth:19.3.2] AndroidManifest.xml:37:17-109
44                android:value="com.google.firebase.components.ComponentRegistrar" />
44-->[com.google.firebase:firebase-auth:19.3.2] AndroidManifest.xml:38:17-82
45        </service>
46
47        <activity
47-->[com.google.android.gms:play-services-auth:18.1.0] AndroidManifest.xml:23:9-27:75
48            android:name="com.google.android.gms.auth.api.signin.internal.SignInHubActivity"
48-->[com.google.android.gms:play-services-auth:18.1.0] AndroidManifest.xml:24:13-93
49            android:excludeFromRecents="true"
49-->[com.google.android.gms:play-services-auth:18.1.0] AndroidManifest.xml:25:13-46
50            android:exported="false"
50-->[com.google.android.gms:play-services-auth:18.1.0] AndroidManifest.xml:26:13-37
51            android:theme="@android:style/Theme.Translucent.NoTitleBar" />
51-->[com.google.android.gms:play-services-auth:18.1.0] AndroidManifest.xml:27:13-72
52        <!--
53            Service handling Google Sign-In user revocation. For apps that do not integrate with
54            Google Sign-In, this service will never be started.
55        -->
56        <service
56-->[com.google.android.gms:play-services-auth:18.1.0] AndroidManifest.xml:33:9-37:51
57            android:name="com.google.android.gms.auth.api.signin.RevocationBoundService"
57-->[com.google.android.gms:play-services-auth:18.1.0] AndroidManifest.xml:34:13-89
58            android:exported="true"
58-->[com.google.android.gms:play-services-auth:18.1.0] AndroidManifest.xml:35:13-36
59            android:permission="com.google.android.gms.auth.api.signin.permission.REVOCATION_NOTIFICATION"
59-->[com.google.android.gms:play-services-auth:18.1.0] AndroidManifest.xml:36:13-107
60            android:visibleToInstantApps="true" />
60-->[com.google.android.gms:play-services-auth:18.1.0] AndroidManifest.xml:37:13-48
61
62        <activity
62-->[com.google.android.gms:play-services-base:17.1.0] AndroidManifest.xml:23:9-26:75
63            android:name="com.google.android.gms.common.api.GoogleApiActivity"
63-->[com.google.android.gms:play-services-base:17.1.0] AndroidManifest.xml:24:13-79
64            android:exported="false"
64-->[com.google.android.gms:play-services-base:17.1.0] AndroidManifest.xml:25:13-37
65            android:theme="@android:style/Theme.Translucent.NoTitleBar" />
65-->[com.google.android.gms:play-services-base:17.1.0] AndroidManifest.xml:26:13-72
66
67        <provider
67-->[com.google.firebase:firebase-common:19.3.0] AndroidManifest.xml:26:9-30:39
68            android:name="com.google.firebase.provider.FirebaseInitProvider"
68-->[com.google.firebase:firebase-common:19.3.0] AndroidManifest.xml:27:13-77
69            android:authorities="com.odukabdulbasit.gogleacountsigninfireaseauth.firebaseinitprovider"
69-->[com.google.firebase:firebase-common:19.3.0] AndroidManifest.xml:28:13-72
70            android:exported="false"
70-->[com.google.firebase:firebase-common:19.3.0] AndroidManifest.xml:29:13-37
71            android:initOrder="100" />
71-->[com.google.firebase:firebase-common:19.3.0] AndroidManifest.xml:30:13-36
72
73        <meta-data
73-->[com.google.android.gms:play-services-basement:17.1.1] AndroidManifest.xml:23:9-25:69
74            android:name="com.google.android.gms.version"
74-->[com.google.android.gms:play-services-basement:17.1.1] AndroidManifest.xml:24:13-58
75            android:value="@integer/google_play_services_version" />
75-->[com.google.android.gms:play-services-basement:17.1.1] AndroidManifest.xml:25:13-66
76    </application>
77
78</manifest>